<?xml version="1.0" encoding="UTF-8"?>
<!-- Generated by org.testng.reporters.JUnitXMLReporter -->
<testsuite ignored="2" hostname="Lenovo" failures="0" tests="1" name="Default test" time="0.213" errors="0" timestamp="2025-07-05T09:30:33 IST">
  <testcase classname="testngtest.TestNGTestCases" name="test2" time="0.022"/>
  <testcase classname="testngtest.TestNGTestCases" name="test1" time="0.0">
    <ignored/>
  </testcase> <!-- test1 -->
  <testcase classname="testngtest.TestNGTestCases" name="test3" time="0.0">
    <ignored/>
  </testcase> <!-- test3 -->
</testsuite> <!-- Default test -->
