<?xml version="1.0" encoding="UTF-8"?>
<!-- Generated by org.testng.reporters.JUnitXMLReporter -->
<testsuite ignored="7" hostname="Lenovo" failures="0" tests="3" name="Test" time="0.396" errors="0" timestamp="2025-07-05T10:18:26 IST">
  <testcase classname="testngtest.TestNGTestCases" name="loginTestWithDifferentUsers" time="0.022"/>
  <testcase classname="testngtest.TestNGTestCases" name="loginTestWithDifferentUsers" time="0.009"/>
  <testcase classname="testngtest.TestNGTestCases" name="loginTestWithDifferentUsers" time="0.046"/>
  <testcase classname="testngtest.TestNGTestCases" name="testLoginApplication" time="0.0">
    <ignored/>
  </testcase> <!-- testLoginApplication -->
  <testcase classname="testngtest.TestNGTestCases" name="test1" time="0.0">
    <ignored/>
  </testcase> <!-- test1 -->
  <testcase classname="testngtest.TestNGTestCases" name="dataDrivenTest2" time="0.0">
    <ignored/>
  </testcase> <!-- dataDrivenTest2 -->
  <testcase classname="testngtest.TestNGTestCases" name="dataDrivenTest1" time="0.0">
    <ignored/>
  </testcase> <!-- dataDrivenTest1 -->
  <testcase classname="testngtest.TestNGTestCases" name="test2" time="0.0">
    <ignored/>
  </testcase> <!-- test2 -->
  <testcase classname="testngtest.TestNGTestCases" name="test3" time="0.0">
    <ignored/>
  </testcase> <!-- test3 -->
  <testcase classname="testngtest.TestNGTestCases" name="dataDrivenTest3" time="0.0">
    <ignored/>
  </testcase> <!-- dataDrivenTest3 -->
</testsuite> <!-- Test -->
