<?xml version="1.0" encoding="UTF-8"?>
<testng-results ignored="7" total="10" passed="3" failed="0" skipped="0">
  <reporter-output>
  </reporter-output>
  <suite started-at="2025-07-05T10:18:25 IST" name="Suite" finished-at="2025-07-05T10:18:26 IST" duration-ms="396">
    <groups>
      <group name="SanityTest">
        <method signature="TestNGTestCases.loginTestWithDifferentUsers(java.util.Map)[pri:0, instance:testngtest.TestNGTestCases@54d9d12d]" name="loginTestWithDifferentUsers" class="testngtest.TestNGTestCases"/>
      </group> <!-- SanityTest -->
      <group name="SmokeTest">
        <method signature="TestNGTestCases.loginTestWithDifferentUsers(java.util.Map)[pri:0, instance:testngtest.TestNGTestCases@54d9d12d]" name="loginTestWithDifferentUsers" class="testngtest.TestNGTestCases"/>
      </group> <!-- SmokeTest -->
      <group name="RegressionTest">
        <method signature="TestNGTestCases.loginTestWithDifferentUsers(java.util.Map)[pri:0, instance:testngtest.TestNGTestCases@54d9d12d]" name="loginTestWithDifferentUsers" class="testngtest.TestNGTestCases"/>
      </group> <!-- RegressionTest -->
    </groups>
    <test started-at="2025-07-05T10:18:25 IST" name="Test" finished-at="2025-07-05T10:18:26 IST" duration-ms="396">
      <class name="testngtest.TestNGTestCases">
        <test-method is-config="true" signature="beforeSuite()[pri:0, instance:testngtest.TestNGTestCases@54d9d12d]" started-at="2025-07-05T10:18:25 IST" name="beforeSuite" finished-at="2025-07-05T10:18:25 IST" duration-ms="54" status="PASS">
          <reporter-output>
          </reporter-output>
        </test-method> <!-- beforeSuite -->
        <test-method is-config="true" signature="beforeTest()[pri:0, instance:testngtest.TestNGTestCases@54d9d12d]" started-at="2025-07-05T10:18:25 IST" name="beforeTest" finished-at="2025-07-05T10:18:25 IST" duration-ms="2" status="PASS">
          <reporter-output>
          </reporter-output>
        </test-method> <!-- beforeTest -->
        <test-method is-config="true" signature="beforeClass()[pri:0, instance:testngtest.TestNGTestCases@54d9d12d]" started-at="2025-07-05T10:18:25 IST" name="beforeClass" finished-at="2025-07-05T10:18:25 IST" duration-ms="1" status="PASS">
          <reporter-output>
          </reporter-output>
        </test-method> <!-- beforeClass -->
        <test-method is-config="true" signature="beforeMethod()[pri:0, instance:testngtest.TestNGTestCases@54d9d12d]" started-at="2025-07-05T10:18:26 IST" name="beforeMethod" finished-at="2025-07-05T10:18:26 IST" duration-ms="1" status="PASS">
          <reporter-output>
          </reporter-output>
        </test-method> <!-- beforeMethod -->
        <test-method signature="loginTestWithDifferentUsers(java.util.Map)[pri:0, instance:testngtest.TestNGTestCases@54d9d12d]" started-at="2025-07-05T10:18:26 IST" name="loginTestWithDifferentUsers" data-provider="TestData4" finished-at="2025-07-05T10:18:26 IST" duration-ms="22" status="PASS">
          <params>
            <param index="0">
              <value>
                <![CDATA[{UserName=Abc123, Password=Abc321}]]>
              </value>
            </param>
          </params>
          <reporter-output>
          </reporter-output>
        </test-method> <!-- loginTestWithDifferentUsers -->
        <test-method is-config="true" signature="afterMethod()[pri:0, instance:testngtest.TestNGTestCases@54d9d12d]" started-at="2025-07-05T10:18:26 IST" name="afterMethod" finished-at="2025-07-05T10:18:26 IST" duration-ms="3" status="PASS">
          <reporter-output>
          </reporter-output>
        </test-method> <!-- afterMethod -->
        <test-method is-config="true" signature="beforeMethod()[pri:0, instance:testngtest.TestNGTestCases@54d9d12d]" started-at="2025-07-05T10:18:26 IST" name="beforeMethod" finished-at="2025-07-05T10:18:26 IST" duration-ms="1" status="PASS">
          <reporter-output>
          </reporter-output>
        </test-method> <!-- beforeMethod -->
        <test-method signature="loginTestWithDifferentUsers(java.util.Map)[pri:0, instance:testngtest.TestNGTestCases@54d9d12d]" started-at="2025-07-05T10:18:26 IST" name="loginTestWithDifferentUsers" data-provider="TestData4" finished-at="2025-07-05T10:18:26 IST" duration-ms="9" status="PASS">
          <params>
            <param index="0">
              <value>
                <![CDATA[{UserName=Def123, Password=Def321}]]>
              </value>
            </param>
          </params>
          <reporter-output>
          </reporter-output>
        </test-method> <!-- loginTestWithDifferentUsers -->
        <test-method is-config="true" signature="afterMethod()[pri:0, instance:testngtest.TestNGTestCases@54d9d12d]" started-at="2025-07-05T10:18:26 IST" name="afterMethod" finished-at="2025-07-05T10:18:26 IST" duration-ms="1" status="PASS">
          <reporter-output>
          </reporter-output>
        </test-method> <!-- afterMethod -->
        <test-method is-config="true" signature="beforeMethod()[pri:0, instance:testngtest.TestNGTestCases@54d9d12d]" started-at="2025-07-05T10:18:26 IST" name="beforeMethod" finished-at="2025-07-05T10:18:26 IST" duration-ms="7" status="PASS">
          <reporter-output>
          </reporter-output>
        </test-method> <!-- beforeMethod -->
        <test-method signature="loginTestWithDifferentUsers(java.util.Map)[pri:0, instance:testngtest.TestNGTestCases@54d9d12d]" started-at="2025-07-05T10:18:26 IST" name="loginTestWithDifferentUsers" data-provider="TestData4" finished-at="2025-07-05T10:18:26 IST" duration-ms="46" status="PASS">
          <params>
            <param index="0">
              <value>
                <![CDATA[{UserName=Ghi123, Password=Ghi321}]]>
              </value>
            </param>
          </params>
          <reporter-output>
          </reporter-output>
        </test-method> <!-- loginTestWithDifferentUsers -->
        <test-method is-config="true" signature="afterMethod()[pri:0, instance:testngtest.TestNGTestCases@54d9d12d]" started-at="2025-07-05T10:18:26 IST" name="afterMethod" finished-at="2025-07-05T10:18:26 IST" duration-ms="11" status="PASS">
          <reporter-output>
          </reporter-output>
        </test-method> <!-- afterMethod -->
        <test-method is-config="true" signature="afterClass()[pri:0, instance:testngtest.TestNGTestCases@54d9d12d]" started-at="2025-07-05T10:18:26 IST" name="afterClass" finished-at="2025-07-05T10:18:26 IST" duration-ms="1" status="PASS">
          <reporter-output>
          </reporter-output>
        </test-method> <!-- afterClass -->
        <test-method is-config="true" signature="afterTest()[pri:0, instance:testngtest.TestNGTestCases@54d9d12d]" started-at="2025-07-05T10:18:26 IST" name="afterTest" finished-at="2025-07-05T10:18:26 IST" duration-ms="3" status="PASS">
          <reporter-output>
          </reporter-output>
        </test-method> <!-- afterTest -->
        <test-method is-config="true" signature="afterSuite()[pri:0, instance:testngtest.TestNGTestCases@54d9d12d]" started-at="2025-07-05T10:18:26 IST" name="afterSuite" finished-at="2025-07-05T10:18:26 IST" duration-ms="1" status="PASS">
          <reporter-output>
          </reporter-output>
        </test-method> <!-- afterSuite -->
      </class> <!-- testngtest.TestNGTestCases -->
    </test> <!-- Test -->
  </suite> <!-- Suite -->
</testng-results>
